[2025-02-20T08:40:20.284+0000] {local_task_job_runner.py:123} INFO - ::group::Pre task execution logs
[2025-02-20T08:40:20.559+0000] {taskinstance.py:2614} INFO - Dependencies all met for dep_context=non-requeueable deps ti=<TaskInstance: weather_to_postgres.process_weather scheduled__2025-02-20T07:00:00+00:00 [queued]>
[2025-02-20T08:40:20.573+0000] {taskinstance.py:2614} INFO - Dependencies all met for dep_context=requeueable deps ti=<TaskInstance: weather_to_postgres.process_weather scheduled__2025-02-20T07:00:00+00:00 [queued]>
[2025-02-20T08:40:20.573+0000] {taskinstance.py:2867} INFO - Starting attempt 1 of 2
[2025-02-20T08:40:20.592+0000] {taskinstance.py:2890} INFO - Executing <Task(PythonOperator): process_weather> on 2025-02-20 07:00:00+00:00
[2025-02-20T08:40:20.609+0000] {warnings.py:112} WARNING - /home/***/.local/lib/python3.12/site-packages/***/task/task_runner/standard_task_runner.py:70: DeprecationWarning: This process (pid=1197) is multi-threaded, use of fork() may lead to deadlocks in the child.
  pid = os.fork()

[2025-02-20T08:40:20.612+0000] {standard_task_runner.py:72} INFO - Started process 1200 to run task
[2025-02-20T08:40:20.611+0000] {standard_task_runner.py:104} INFO - Running: ['***', 'tasks', 'run', 'weather_to_postgres', 'process_weather', 'scheduled__2025-02-20T07:00:00+00:00', '--job-id', '27', '--raw', '--subdir', 'DAGS_FOLDER/etl_weather.py', '--cfg-path', '/tmp/tmp7a3qhpsb']
[2025-02-20T08:40:20.613+0000] {standard_task_runner.py:105} INFO - Job 27: Subtask process_weather
[2025-02-20T08:40:20.711+0000] {task_command.py:467} INFO - Running <TaskInstance: weather_to_postgres.process_weather scheduled__2025-02-20T07:00:00+00:00 [running]> on host d3d04d7168cb
[2025-02-20T08:40:20.898+0000] {taskinstance.py:3134} INFO - Exporting env vars: AIRFLOW_CTX_DAG_OWNER='***' AIRFLOW_CTX_DAG_ID='weather_to_postgres' AIRFLOW_CTX_TASK_ID='process_weather' AIRFLOW_CTX_EXECUTION_DATE='2025-02-20T07:00:00+00:00' AIRFLOW_CTX_TRY_NUMBER='1' AIRFLOW_CTX_DAG_RUN_ID='scheduled__2025-02-20T07:00:00+00:00'
[2025-02-20T08:40:20.902+0000] {logging_mixin.py:190} INFO - Task instance is in running state
[2025-02-20T08:40:20.902+0000] {logging_mixin.py:190} INFO -  Previous state of the Task instance: queued
[2025-02-20T08:40:20.903+0000] {logging_mixin.py:190} INFO - Current task name:process_weather state:running start_date:2025-02-20 08:40:20.560443+00:00
[2025-02-20T08:40:20.904+0000] {logging_mixin.py:190} INFO - Dag name:weather_to_postgres and current dag run status:running
[2025-02-20T08:40:20.904+0000] {taskinstance.py:732} INFO - ::endgroup::
[2025-02-20T08:40:20.931+0000] {logging_mixin.py:190} INFO - Processed data: {'city': 'Jakarta', 'temperature': 304.24, 'humidity': 58, 'weather_description': 'scattered clouds', 'timestamp': 1740040799}
[2025-02-20T08:40:20.932+0000] {python.py:240} INFO - Done. Returned value was: {'city': 'Jakarta', 'temperature': 304.24, 'humidity': 58, 'weather_description': 'scattered clouds', 'timestamp': 1740040799}
[2025-02-20T08:40:20.976+0000] {taskinstance.py:341} INFO - ::group::Post task execution logs
[2025-02-20T08:40:20.977+0000] {taskinstance.py:353} INFO - Marking task as SUCCESS. dag_id=weather_to_postgres, task_id=process_weather, run_id=scheduled__2025-02-20T07:00:00+00:00, execution_date=20250220T070000, start_date=20250220T084020, end_date=20250220T084020
[2025-02-20T08:40:21.025+0000] {logging_mixin.py:190} INFO - Task instance in success state
[2025-02-20T08:40:21.026+0000] {logging_mixin.py:190} INFO -  Previous state of the Task instance: running
[2025-02-20T08:40:21.027+0000] {logging_mixin.py:190} INFO - Dag name:weather_to_postgres queued_at:2025-02-20 08:39:10.144147+00:00
[2025-02-20T08:40:21.027+0000] {logging_mixin.py:190} INFO - Task hostname:d3d04d7168cb operator:PythonOperator
[2025-02-20T08:40:21.075+0000] {local_task_job_runner.py:266} INFO - Task exited with return code 0
[2025-02-20T08:40:21.125+0000] {taskinstance.py:3901} INFO - 1 downstream tasks scheduled from follow-on schedule check
[2025-02-20T08:40:21.128+0000] {local_task_job_runner.py:245} INFO - ::endgroup::
