[2025-02-20T07:49:12.831+0000] {local_task_job_runner.py:123} INFO - ::group::Pre task execution logs
[2025-02-20T07:49:13.048+0000] {taskinstance.py:2614} INFO - Dependencies all met for dep_context=non-requeueable deps ti=<TaskInstance: weather_pipeline_full.fetch_weather manual__2025-02-20T07:49:06.584102+00:00 [queued]>
[2025-02-20T07:49:13.059+0000] {taskinstance.py:2614} INFO - Dependencies all met for dep_context=requeueable deps ti=<TaskInstance: weather_pipeline_full.fetch_weather manual__2025-02-20T07:49:06.584102+00:00 [queued]>
[2025-02-20T07:49:13.060+0000] {taskinstance.py:2867} INFO - Starting attempt 1 of 2
[2025-02-20T07:49:13.076+0000] {taskinstance.py:2890} INFO - Executing <Task(PythonOperator): fetch_weather> on 2025-02-20 07:49:06.584102+00:00
[2025-02-20T07:49:13.089+0000] {warnings.py:112} WARNING - /home/***/.local/lib/python3.12/site-packages/***/task/task_runner/standard_task_runner.py:70: DeprecationWarning: This process (pid=459) is multi-threaded, use of fork() may lead to deadlocks in the child.
  pid = os.fork()

[2025-02-20T07:49:13.091+0000] {standard_task_runner.py:72} INFO - Started process 461 to run task
[2025-02-20T07:49:13.092+0000] {standard_task_runner.py:104} INFO - Running: ['***', 'tasks', 'run', 'weather_pipeline_full', 'fetch_weather', 'manual__2025-02-20T07:49:06.584102+00:00', '--job-id', '5', '--raw', '--subdir', 'DAGS_FOLDER/weather.py', '--cfg-path', '/tmp/tmpy9vyu0ha']
[2025-02-20T07:49:13.093+0000] {standard_task_runner.py:105} INFO - Job 5: Subtask fetch_weather
[2025-02-20T07:49:13.156+0000] {task_command.py:467} INFO - Running <TaskInstance: weather_pipeline_full.fetch_weather manual__2025-02-20T07:49:06.584102+00:00 [running]> on host d3d04d7168cb
[2025-02-20T07:49:13.283+0000] {taskinstance.py:3134} INFO - Exporting env vars: AIRFLOW_CTX_DAG_OWNER='***' AIRFLOW_CTX_DAG_ID='weather_pipeline_full' AIRFLOW_CTX_TASK_ID='fetch_weather' AIRFLOW_CTX_EXECUTION_DATE='2025-02-20T07:49:06.584102+00:00' AIRFLOW_CTX_TRY_NUMBER='1' AIRFLOW_CTX_DAG_RUN_ID='manual__2025-02-20T07:49:06.584102+00:00'
[2025-02-20T07:49:13.285+0000] {logging_mixin.py:190} INFO - Task instance is in running state
[2025-02-20T07:49:13.286+0000] {logging_mixin.py:190} INFO -  Previous state of the Task instance: queued
[2025-02-20T07:49:13.286+0000] {logging_mixin.py:190} INFO - Current task name:fetch_weather state:running start_date:2025-02-20 07:49:13.049429+00:00
[2025-02-20T07:49:13.287+0000] {logging_mixin.py:190} INFO - Dag name:weather_pipeline_full and current dag run status:running
[2025-02-20T07:49:13.287+0000] {taskinstance.py:732} INFO - ::endgroup::
[2025-02-20T07:49:14.340+0000] {logging_mixin.py:190} INFO - Fetched weather data and saved to /opt/***/dags/data/raw_weather_data.json
[2025-02-20T07:49:14.344+0000] {python.py:240} INFO - Done. Returned value was: /opt/***/dags/data/raw_weather_data.json
[2025-02-20T07:49:14.392+0000] {taskinstance.py:341} INFO - ::group::Post task execution logs
[2025-02-20T07:49:14.393+0000] {taskinstance.py:353} INFO - Marking task as SUCCESS. dag_id=weather_pipeline_full, task_id=fetch_weather, run_id=manual__2025-02-20T07:49:06.584102+00:00, execution_date=20250220T074906, start_date=20250220T074913, end_date=20250220T074914
[2025-02-20T07:49:14.422+0000] {logging_mixin.py:190} INFO - Task instance in success state
[2025-02-20T07:49:14.423+0000] {logging_mixin.py:190} INFO -  Previous state of the Task instance: running
[2025-02-20T07:49:14.423+0000] {logging_mixin.py:190} INFO - Dag name:weather_pipeline_full queued_at:2025-02-20 07:49:06.753744+00:00
[2025-02-20T07:49:14.424+0000] {logging_mixin.py:190} INFO - Task hostname:d3d04d7168cb operator:PythonOperator
[2025-02-20T07:49:14.458+0000] {local_task_job_runner.py:266} INFO - Task exited with return code 0
[2025-02-20T07:49:14.501+0000] {taskinstance.py:3901} INFO - 1 downstream tasks scheduled from follow-on schedule check
[2025-02-20T07:49:14.503+0000] {local_task_job_runner.py:245} INFO - ::endgroup::
