[2025-02-20T07:53:15.379+0000] {local_task_job_runner.py:123} INFO - ::group::Pre task execution logs
[2025-02-20T07:53:15.785+0000] {taskinstance.py:2614} INFO - Dependencies all met for dep_context=non-requeueable deps ti=<TaskInstance: weather_pipeline_full.fetch_weather scheduled__2025-02-20T06:00:00+00:00 [queued]>
[2025-02-20T07:53:15.798+0000] {taskinstance.py:2614} INFO - Dependencies all met for dep_context=requeueable deps ti=<TaskInstance: weather_pipeline_full.fetch_weather scheduled__2025-02-20T06:00:00+00:00 [queued]>
[2025-02-20T07:53:15.798+0000] {taskinstance.py:2867} INFO - Starting attempt 2 of 2
[2025-02-20T07:53:15.818+0000] {taskinstance.py:2890} INFO - Executing <Task(PythonOperator): fetch_weather> on 2025-02-20 06:00:00+00:00
[2025-02-20T07:53:15.837+0000] {warnings.py:112} WARNING - /home/***/.local/lib/python3.12/site-packages/***/task/task_runner/standard_task_runner.py:70: DeprecationWarning: This process (pid=514) is multi-threaded, use of fork() may lead to deadlocks in the child.
  pid = os.fork()

[2025-02-20T07:53:15.840+0000] {standard_task_runner.py:72} INFO - Started process 523 to run task
[2025-02-20T07:53:15.854+0000] {standard_task_runner.py:104} INFO - Running: ['***', 'tasks', 'run', 'weather_pipeline_full', 'fetch_weather', 'scheduled__2025-02-20T06:00:00+00:00', '--job-id', '10', '--raw', '--subdir', 'DAGS_FOLDER/weather.py', '--cfg-path', '/tmp/tmpgd67frzc']
[2025-02-20T07:53:15.856+0000] {standard_task_runner.py:105} INFO - Job 10: Subtask fetch_weather
[2025-02-20T07:53:16.006+0000] {task_command.py:467} INFO - Running <TaskInstance: weather_pipeline_full.fetch_weather scheduled__2025-02-20T06:00:00+00:00 [running]> on host d3d04d7168cb
[2025-02-20T07:53:16.129+0000] {taskinstance.py:3134} INFO - Exporting env vars: AIRFLOW_CTX_DAG_OWNER='***' AIRFLOW_CTX_DAG_ID='weather_pipeline_full' AIRFLOW_CTX_TASK_ID='fetch_weather' AIRFLOW_CTX_EXECUTION_DATE='2025-02-20T06:00:00+00:00' AIRFLOW_CTX_TRY_NUMBER='2' AIRFLOW_CTX_DAG_RUN_ID='scheduled__2025-02-20T06:00:00+00:00'
[2025-02-20T07:53:16.131+0000] {logging_mixin.py:190} INFO - Task instance is in running state
[2025-02-20T07:53:16.132+0000] {logging_mixin.py:190} INFO -  Previous state of the Task instance: queued
[2025-02-20T07:53:16.133+0000] {logging_mixin.py:190} INFO - Current task name:fetch_weather state:running start_date:2025-02-20 07:53:15.786232+00:00
[2025-02-20T07:53:16.133+0000] {logging_mixin.py:190} INFO - Dag name:weather_pipeline_full and current dag run status:running
[2025-02-20T07:53:16.134+0000] {taskinstance.py:732} INFO - ::endgroup::
[2025-02-20T07:53:17.673+0000] {logging_mixin.py:190} INFO - Fetched weather data and saved to /opt/***/dags/data/raw_weather_data.json
[2025-02-20T07:53:17.675+0000] {python.py:240} INFO - Done. Returned value was: /opt/***/dags/data/raw_weather_data.json
[2025-02-20T07:53:17.706+0000] {taskinstance.py:341} INFO - ::group::Post task execution logs
[2025-02-20T07:53:17.707+0000] {taskinstance.py:353} INFO - Marking task as SUCCESS. dag_id=weather_pipeline_full, task_id=fetch_weather, run_id=scheduled__2025-02-20T06:00:00+00:00, execution_date=20250220T060000, start_date=20250220T075315, end_date=20250220T075317
[2025-02-20T07:53:17.740+0000] {logging_mixin.py:190} INFO - Task instance in success state
[2025-02-20T07:53:17.741+0000] {logging_mixin.py:190} INFO -  Previous state of the Task instance: running
[2025-02-20T07:53:17.741+0000] {logging_mixin.py:190} INFO - Dag name:weather_pipeline_full queued_at:2025-02-20 07:45:53.886988+00:00
[2025-02-20T07:53:17.742+0000] {logging_mixin.py:190} INFO - Task hostname:d3d04d7168cb operator:PythonOperator
[2025-02-20T07:53:17.775+0000] {local_task_job_runner.py:266} INFO - Task exited with return code 0
[2025-02-20T07:53:17.817+0000] {taskinstance.py:3901} INFO - 1 downstream tasks scheduled from follow-on schedule check
[2025-02-20T07:53:17.819+0000] {local_task_job_runner.py:245} INFO - ::endgroup::
