[2025-02-20T09:23:36.598+0000] {local_task_job_runner.py:123} INFO - ::group::Pre task execution logs
[2025-02-20T09:23:36.641+0000] {taskinstance.py:2614} INFO - Dependencies all met for dep_context=non-requeueable deps ti=<TaskInstance: weather_to_postgres_hook.process_weather manual__2025-02-20T09:12:19.866285+00:00 [queued]>
[2025-02-20T09:23:36.659+0000] {taskinstance.py:2614} INFO - Dependencies all met for dep_context=requeueable deps ti=<TaskInstance: weather_to_postgres_hook.process_weather manual__2025-02-20T09:12:19.866285+00:00 [queued]>
[2025-02-20T09:23:36.660+0000] {taskinstance.py:2867} INFO - Starting attempt 1 of 2
[2025-02-20T09:23:36.678+0000] {taskinstance.py:2890} INFO - Executing <Task(PythonOperator): process_weather> on 2025-02-20 09:12:19.866285+00:00
[2025-02-20T09:23:36.695+0000] {warnings.py:112} WARNING - /home/***/.local/lib/python3.12/site-packages/***/task/task_runner/standard_task_runner.py:70: DeprecationWarning: This process (pid=265) is multi-threaded, use of fork() may lead to deadlocks in the child.
  pid = os.fork()

[2025-02-20T09:23:36.698+0000] {standard_task_runner.py:72} INFO - Started process 267 to run task
[2025-02-20T09:23:36.698+0000] {standard_task_runner.py:104} INFO - Running: ['***', 'tasks', 'run', 'weather_to_postgres_hook', 'process_weather', 'manual__2025-02-20T09:12:19.866285+00:00', '--job-id', '39', '--raw', '--subdir', 'DAGS_FOLDER/etl_weather.py', '--cfg-path', '/tmp/tmp98_dg0rd']
[2025-02-20T09:23:36.700+0000] {standard_task_runner.py:105} INFO - Job 39: Subtask process_weather
[2025-02-20T09:23:36.763+0000] {task_command.py:467} INFO - Running <TaskInstance: weather_to_postgres_hook.process_weather manual__2025-02-20T09:12:19.866285+00:00 [running]> on host 9f470da8c4e6
[2025-02-20T09:23:37.211+0000] {taskinstance.py:3134} INFO - Exporting env vars: AIRFLOW_CTX_DAG_OWNER='***' AIRFLOW_CTX_DAG_ID='weather_to_postgres_hook' AIRFLOW_CTX_TASK_ID='process_weather' AIRFLOW_CTX_EXECUTION_DATE='2025-02-20T09:12:19.866285+00:00' AIRFLOW_CTX_TRY_NUMBER='1' AIRFLOW_CTX_DAG_RUN_ID='manual__2025-02-20T09:12:19.866285+00:00'
[2025-02-20T09:23:37.212+0000] {logging_mixin.py:190} INFO - Task instance is in running state
[2025-02-20T09:23:37.213+0000] {logging_mixin.py:190} INFO -  Previous state of the Task instance: queued
[2025-02-20T09:23:37.213+0000] {logging_mixin.py:190} INFO - Current task name:process_weather state:running start_date:2025-02-20 09:23:36.642413+00:00
[2025-02-20T09:23:37.214+0000] {logging_mixin.py:190} INFO - Dag name:weather_to_postgres_hook and current dag run status:running
[2025-02-20T09:23:37.214+0000] {taskinstance.py:732} INFO - ::endgroup::
[2025-02-20T09:23:37.224+0000] {python.py:240} INFO - Done. Returned value was: {'city': 'Jakarta', 'temperature': 304.9, 'humidity': 56, 'weather_description': 'scattered clouds', 'timestamp': 1740043400}
[2025-02-20T09:23:37.245+0000] {taskinstance.py:341} INFO - ::group::Post task execution logs
[2025-02-20T09:23:37.246+0000] {taskinstance.py:353} INFO - Marking task as SUCCESS. dag_id=weather_to_postgres_hook, task_id=process_weather, run_id=manual__2025-02-20T09:12:19.866285+00:00, execution_date=20250220T091219, start_date=20250220T092336, end_date=20250220T092337
[2025-02-20T09:23:37.269+0000] {logging_mixin.py:190} INFO - Task instance in success state
[2025-02-20T09:23:37.270+0000] {logging_mixin.py:190} INFO -  Previous state of the Task instance: running
[2025-02-20T09:23:37.270+0000] {logging_mixin.py:190} INFO - Dag name:weather_to_postgres_hook queued_at:2025-02-20 09:12:19.943789+00:00
[2025-02-20T09:23:37.271+0000] {logging_mixin.py:190} INFO - Task hostname:9f470da8c4e6 operator:PythonOperator
[2025-02-20T09:23:37.321+0000] {local_task_job_runner.py:266} INFO - Task exited with return code 0
[2025-02-20T09:23:37.354+0000] {taskinstance.py:3901} INFO - 1 downstream tasks scheduled from follow-on schedule check
[2025-02-20T09:23:37.356+0000] {local_task_job_runner.py:245} INFO - ::endgroup::
