[2025-02-20T09:45:28.693+0000] {local_task_job_runner.py:123} INFO - ::group::Pre task execution logs
[2025-02-20T09:45:28.720+0000] {taskinstance.py:2614} INFO - Dependencies all met for dep_context=non-requeueable deps ti=<TaskInstance: weather_to_postgres_hook.store_to_postgres manual__2025-02-20T09:40:08.207005+00:00 [queued]>
[2025-02-20T09:45:28.733+0000] {taskinstance.py:2614} INFO - Dependencies all met for dep_context=requeueable deps ti=<TaskInstance: weather_to_postgres_hook.store_to_postgres manual__2025-02-20T09:40:08.207005+00:00 [queued]>
[2025-02-20T09:45:28.734+0000] {taskinstance.py:2867} INFO - Starting attempt 1 of 2
[2025-02-20T09:45:28.913+0000] {taskinstance.py:2890} INFO - Executing <Task(PythonOperator): store_to_postgres> on 2025-02-20 09:40:08.207005+00:00
[2025-02-20T09:45:28.924+0000] {warnings.py:112} WARNING - /home/***/.local/lib/python3.12/site-packages/***/task/task_runner/standard_task_runner.py:70: DeprecationWarning: This process (pid=586) is multi-threaded, use of fork() may lead to deadlocks in the child.
  pid = os.fork()

[2025-02-20T09:45:28.925+0000] {standard_task_runner.py:72} INFO - Started process 588 to run task
[2025-02-20T09:45:28.926+0000] {standard_task_runner.py:104} INFO - Running: ['***', 'tasks', 'run', 'weather_to_postgres_hook', 'store_to_postgres', 'manual__2025-02-20T09:40:08.207005+00:00', '--job-id', '57', '--raw', '--subdir', 'DAGS_FOLDER/etl_weather.py', '--cfg-path', '/tmp/tmp7kyd_b3_']
[2025-02-20T09:45:28.927+0000] {standard_task_runner.py:105} INFO - Job 57: Subtask store_to_postgres
[2025-02-20T09:45:28.972+0000] {task_command.py:467} INFO - Running <TaskInstance: weather_to_postgres_hook.store_to_postgres manual__2025-02-20T09:40:08.207005+00:00 [running]> on host 9f470da8c4e6
[2025-02-20T09:45:29.056+0000] {taskinstance.py:3134} INFO - Exporting env vars: AIRFLOW_CTX_DAG_OWNER='***' AIRFLOW_CTX_DAG_ID='weather_to_postgres_hook' AIRFLOW_CTX_TASK_ID='store_to_postgres' AIRFLOW_CTX_EXECUTION_DATE='2025-02-20T09:40:08.207005+00:00' AIRFLOW_CTX_TRY_NUMBER='1' AIRFLOW_CTX_DAG_RUN_ID='manual__2025-02-20T09:40:08.207005+00:00'
[2025-02-20T09:45:29.057+0000] {logging_mixin.py:190} INFO - Task instance is in running state
[2025-02-20T09:45:29.058+0000] {logging_mixin.py:190} INFO -  Previous state of the Task instance: queued
[2025-02-20T09:45:29.058+0000] {logging_mixin.py:190} INFO - Current task name:store_to_postgres state:running start_date:2025-02-20 09:45:28.721775+00:00
[2025-02-20T09:45:29.058+0000] {logging_mixin.py:190} INFO - Dag name:weather_to_postgres_hook and current dag run status:running
[2025-02-20T09:45:29.059+0000] {taskinstance.py:732} INFO - ::endgroup::
[2025-02-20T09:45:29.076+0000] {base.py:84} INFO - Retrieving connection 'postgres_default'
[2025-02-20T09:45:29.080+0000] {sql.py:511} INFO - Running statement: 
    CREATE TABLE IF NOT EXISTS weather_data (
        id SERIAL PRIMARY KEY,
        city VARCHAR(50),
        temperature FLOAT,
        humidity INT,
        weather_description VARCHAR(100),
        timestamp BIGINT
    );
    , parameters: None
[2025-02-20T09:45:29.085+0000] {sql.py:511} INFO - Running statement: 
    INSERT INTO weather_data (city, temperature, humidity, weather_description, timestamp)
    VALUES (%s, %s, %s, %s, %s);
    , parameters: ('Jakarta', 304.48, 58, 'scattered clouds', 1740044678)
[2025-02-20T09:45:29.087+0000] {sql.py:520} INFO - Rows affected: 1
[2025-02-20T09:45:29.088+0000] {python.py:240} INFO - Done. Returned value was: None
[2025-02-20T09:45:29.098+0000] {taskinstance.py:341} INFO - ::group::Post task execution logs
[2025-02-20T09:45:29.099+0000] {taskinstance.py:353} INFO - Marking task as SUCCESS. dag_id=weather_to_postgres_hook, task_id=store_to_postgres, run_id=manual__2025-02-20T09:40:08.207005+00:00, execution_date=20250220T094008, start_date=20250220T094528, end_date=20250220T094529
[2025-02-20T09:45:29.122+0000] {logging_mixin.py:190} INFO - Task instance in success state
[2025-02-20T09:45:29.123+0000] {logging_mixin.py:190} INFO -  Previous state of the Task instance: running
[2025-02-20T09:45:29.123+0000] {logging_mixin.py:190} INFO - Dag name:weather_to_postgres_hook queued_at:2025-02-20 09:40:08.248630+00:00
[2025-02-20T09:45:29.124+0000] {logging_mixin.py:190} INFO - Task hostname:9f470da8c4e6 operator:PythonOperator
[2025-02-20T09:45:29.153+0000] {local_task_job_runner.py:266} INFO - Task exited with return code 0
[2025-02-20T09:45:29.172+0000] {taskinstance.py:3901} INFO - 0 downstream tasks scheduled from follow-on schedule check
[2025-02-20T09:45:29.174+0000] {local_task_job_runner.py:245} INFO - ::endgroup::
