[2025-02-20T08:40:00.101+0000] {local_task_job_runner.py:123} INFO - ::group::Pre task execution logs
[2025-02-20T08:40:00.138+0000] {taskinstance.py:2614} INFO - Dependencies all met for dep_context=non-requeueable deps ti=<TaskInstance: weather_to_postgres.fetch_weather scheduled__2025-02-20T07:00:00+00:00 [queued]>
[2025-02-20T08:40:00.154+0000] {taskinstance.py:2614} INFO - Dependencies all met for dep_context=requeueable deps ti=<TaskInstance: weather_to_postgres.fetch_weather scheduled__2025-02-20T07:00:00+00:00 [queued]>
[2025-02-20T08:40:00.155+0000] {taskinstance.py:2867} INFO - Starting attempt 1 of 2
[2025-02-20T08:40:00.601+0000] {taskinstance.py:2890} INFO - Executing <Task(PythonOperator): fetch_weather> on 2025-02-20 07:00:00+00:00
[2025-02-20T08:40:00.625+0000] {standard_task_runner.py:104} INFO - Running: ['***', 'tasks', 'run', 'weather_to_postgres', 'fetch_weather', 'scheduled__2025-02-20T07:00:00+00:00', '--job-id', '24', '--raw', '--subdir', 'DAGS_FOLDER/etl_weather.py', '--cfg-path', '/tmp/tmpadrf3gsp']
[2025-02-20T08:40:00.630+0000] {warnings.py:112} WARNING - /home/***/.local/lib/python3.12/site-packages/***/task/task_runner/standard_task_runner.py:70: DeprecationWarning: This process (pid=1181) is multi-threaded, use of fork() may lead to deadlocks in the child.
  pid = os.fork()

[2025-02-20T08:40:00.638+0000] {standard_task_runner.py:105} INFO - Job 24: Subtask fetch_weather
[2025-02-20T08:40:00.638+0000] {standard_task_runner.py:72} INFO - Started process 1194 to run task
[2025-02-20T08:40:00.960+0000] {task_command.py:467} INFO - Running <TaskInstance: weather_to_postgres.fetch_weather scheduled__2025-02-20T07:00:00+00:00 [running]> on host d3d04d7168cb
[2025-02-20T08:40:01.101+0000] {taskinstance.py:3134} INFO - Exporting env vars: AIRFLOW_CTX_DAG_OWNER='***' AIRFLOW_CTX_DAG_ID='weather_to_postgres' AIRFLOW_CTX_TASK_ID='fetch_weather' AIRFLOW_CTX_EXECUTION_DATE='2025-02-20T07:00:00+00:00' AIRFLOW_CTX_TRY_NUMBER='1' AIRFLOW_CTX_DAG_RUN_ID='scheduled__2025-02-20T07:00:00+00:00'
[2025-02-20T08:40:01.104+0000] {logging_mixin.py:190} INFO - Task instance is in running state
[2025-02-20T08:40:01.105+0000] {logging_mixin.py:190} INFO -  Previous state of the Task instance: queued
[2025-02-20T08:40:01.105+0000] {logging_mixin.py:190} INFO - Current task name:fetch_weather state:running start_date:2025-02-20 08:40:00.139954+00:00
[2025-02-20T08:40:01.106+0000] {logging_mixin.py:190} INFO - Dag name:weather_to_postgres and current dag run status:running
[2025-02-20T08:40:01.106+0000] {taskinstance.py:732} INFO - ::endgroup::
[2025-02-20T08:40:01.746+0000] {logging_mixin.py:190} INFO - Fetched weather data and saved to /opt/***/dags/data/raw_weather_data.json
[2025-02-20T08:40:01.748+0000] {python.py:240} INFO - Done. Returned value was: /opt/***/dags/data/raw_weather_data.json
[2025-02-20T08:40:01.781+0000] {taskinstance.py:341} INFO - ::group::Post task execution logs
[2025-02-20T08:40:01.782+0000] {taskinstance.py:353} INFO - Marking task as SUCCESS. dag_id=weather_to_postgres, task_id=fetch_weather, run_id=scheduled__2025-02-20T07:00:00+00:00, execution_date=20250220T070000, start_date=20250220T084000, end_date=20250220T084001
[2025-02-20T08:40:01.811+0000] {logging_mixin.py:190} INFO - Task instance in success state
[2025-02-20T08:40:01.811+0000] {logging_mixin.py:190} INFO -  Previous state of the Task instance: running
[2025-02-20T08:40:01.812+0000] {logging_mixin.py:190} INFO - Dag name:weather_to_postgres queued_at:2025-02-20 08:39:10.144147+00:00
[2025-02-20T08:40:01.812+0000] {logging_mixin.py:190} INFO - Task hostname:d3d04d7168cb operator:PythonOperator
[2025-02-20T08:40:01.852+0000] {local_task_job_runner.py:266} INFO - Task exited with return code 0
[2025-02-20T08:40:01.895+0000] {taskinstance.py:3901} INFO - 1 downstream tasks scheduled from follow-on schedule check
[2025-02-20T08:40:01.897+0000] {local_task_job_runner.py:245} INFO - ::endgroup::
