[2025-02-20T07:49:26.157+0000] {local_task_job_runner.py:123} INFO - ::group::Pre task execution logs
[2025-02-20T07:49:26.346+0000] {taskinstance.py:2614} INFO - Dependencies all met for dep_context=non-requeueable deps ti=<TaskInstance: weather_pipeline_full.forecast_weather manual__2025-02-20T07:49:06.584102+00:00 [queued]>
[2025-02-20T07:49:26.355+0000] {taskinstance.py:2614} INFO - Dependencies all met for dep_context=requeueable deps ti=<TaskInstance: weather_pipeline_full.forecast_weather manual__2025-02-20T07:49:06.584102+00:00 [queued]>
[2025-02-20T07:49:26.356+0000] {taskinstance.py:2867} INFO - Starting attempt 1 of 2
[2025-02-20T07:49:26.370+0000] {taskinstance.py:2890} INFO - Executing <Task(PythonOperator): forecast_weather> on 2025-02-20 07:49:06.584102+00:00
[2025-02-20T07:49:26.381+0000] {warnings.py:112} WARNING - /home/***/.local/lib/python3.12/site-packages/***/task/task_runner/standard_task_runner.py:70: DeprecationWarning: This process (pid=471) is multi-threaded, use of fork() may lead to deadlocks in the child.
  pid = os.fork()

[2025-02-20T07:49:26.383+0000] {standard_task_runner.py:72} INFO - Started process 473 to run task
[2025-02-20T07:49:26.383+0000] {standard_task_runner.py:104} INFO - Running: ['***', 'tasks', 'run', 'weather_pipeline_full', 'forecast_weather', 'manual__2025-02-20T07:49:06.584102+00:00', '--job-id', '8', '--raw', '--subdir', 'DAGS_FOLDER/weather.py', '--cfg-path', '/tmp/tmpn6ze8jvr']
[2025-02-20T07:49:26.384+0000] {standard_task_runner.py:105} INFO - Job 8: Subtask forecast_weather
[2025-02-20T07:49:26.433+0000] {task_command.py:467} INFO - Running <TaskInstance: weather_pipeline_full.forecast_weather manual__2025-02-20T07:49:06.584102+00:00 [running]> on host d3d04d7168cb
[2025-02-20T07:49:26.515+0000] {taskinstance.py:3134} INFO - Exporting env vars: AIRFLOW_CTX_DAG_OWNER='***' AIRFLOW_CTX_DAG_ID='weather_pipeline_full' AIRFLOW_CTX_TASK_ID='forecast_weather' AIRFLOW_CTX_EXECUTION_DATE='2025-02-20T07:49:06.584102+00:00' AIRFLOW_CTX_TRY_NUMBER='1' AIRFLOW_CTX_DAG_RUN_ID='manual__2025-02-20T07:49:06.584102+00:00'
[2025-02-20T07:49:26.516+0000] {logging_mixin.py:190} INFO - Task instance is in running state
[2025-02-20T07:49:26.517+0000] {logging_mixin.py:190} INFO -  Previous state of the Task instance: queued
[2025-02-20T07:49:26.517+0000] {logging_mixin.py:190} INFO - Current task name:forecast_weather state:running start_date:2025-02-20 07:49:26.347563+00:00
[2025-02-20T07:49:26.518+0000] {logging_mixin.py:190} INFO - Dag name:weather_pipeline_full and current dag run status:running
[2025-02-20T07:49:26.518+0000] {taskinstance.py:732} INFO - ::endgroup::
[2025-02-20T07:49:26.561+0000] {logging_mixin.py:190} INFO - Forecast saved to /opt/***/dags/data/forecast.json
[2025-02-20T07:49:26.562+0000] {python.py:240} INFO - Done. Returned value was: /opt/***/dags/data/forecast.json
[2025-02-20T07:49:26.585+0000] {taskinstance.py:341} INFO - ::group::Post task execution logs
[2025-02-20T07:49:26.586+0000] {taskinstance.py:353} INFO - Marking task as SUCCESS. dag_id=weather_pipeline_full, task_id=forecast_weather, run_id=manual__2025-02-20T07:49:06.584102+00:00, execution_date=20250220T074906, start_date=20250220T074926, end_date=20250220T074926
[2025-02-20T07:49:26.610+0000] {logging_mixin.py:190} INFO - Task instance in success state
[2025-02-20T07:49:26.611+0000] {logging_mixin.py:190} INFO -  Previous state of the Task instance: running
[2025-02-20T07:49:26.611+0000] {logging_mixin.py:190} INFO - Dag name:weather_pipeline_full queued_at:2025-02-20 07:49:06.753744+00:00
[2025-02-20T07:49:26.612+0000] {logging_mixin.py:190} INFO - Task hostname:d3d04d7168cb operator:PythonOperator
[2025-02-20T07:49:26.645+0000] {local_task_job_runner.py:266} INFO - Task exited with return code 0
[2025-02-20T07:49:26.664+0000] {taskinstance.py:3901} INFO - 0 downstream tasks scheduled from follow-on schedule check
[2025-02-20T07:49:26.665+0000] {local_task_job_runner.py:245} INFO - ::endgroup::
