[2025-02-20T07:53:43.360+0000] {local_task_job_runner.py:123} INFO - ::group::Pre task execution logs
[2025-02-20T07:53:43.552+0000] {taskinstance.py:2614} INFO - Dependencies all met for dep_context=non-requeueable deps ti=<TaskInstance: weather_pipeline_full.forecast_weather scheduled__2025-02-20T06:00:00+00:00 [queued]>
[2025-02-20T07:53:43.562+0000] {taskinstance.py:2614} INFO - Dependencies all met for dep_context=requeueable deps ti=<TaskInstance: weather_pipeline_full.forecast_weather scheduled__2025-02-20T06:00:00+00:00 [queued]>
[2025-02-20T07:53:43.563+0000] {taskinstance.py:2867} INFO - Starting attempt 1 of 2
[2025-02-20T07:53:43.578+0000] {taskinstance.py:2890} INFO - Executing <Task(PythonOperator): forecast_weather> on 2025-02-20 06:00:00+00:00
[2025-02-20T07:53:43.590+0000] {warnings.py:112} WARNING - /home/***/.local/lib/python3.12/site-packages/***/task/task_runner/standard_task_runner.py:70: DeprecationWarning: This process (pid=533) is multi-threaded, use of fork() may lead to deadlocks in the child.
  pid = os.fork()

[2025-02-20T07:53:43.592+0000] {standard_task_runner.py:72} INFO - Started process 535 to run task
[2025-02-20T07:53:43.592+0000] {standard_task_runner.py:104} INFO - Running: ['***', 'tasks', 'run', 'weather_pipeline_full', 'forecast_weather', 'scheduled__2025-02-20T06:00:00+00:00', '--job-id', '14', '--raw', '--subdir', 'DAGS_FOLDER/weather.py', '--cfg-path', '/tmp/tmphr2svtbl']
[2025-02-20T07:53:43.594+0000] {standard_task_runner.py:105} INFO - Job 14: Subtask forecast_weather
[2025-02-20T07:53:43.648+0000] {task_command.py:467} INFO - Running <TaskInstance: weather_pipeline_full.forecast_weather scheduled__2025-02-20T06:00:00+00:00 [running]> on host d3d04d7168cb
[2025-02-20T07:53:43.730+0000] {taskinstance.py:3134} INFO - Exporting env vars: AIRFLOW_CTX_DAG_OWNER='***' AIRFLOW_CTX_DAG_ID='weather_pipeline_full' AIRFLOW_CTX_TASK_ID='forecast_weather' AIRFLOW_CTX_EXECUTION_DATE='2025-02-20T06:00:00+00:00' AIRFLOW_CTX_TRY_NUMBER='1' AIRFLOW_CTX_DAG_RUN_ID='scheduled__2025-02-20T06:00:00+00:00'
[2025-02-20T07:53:43.732+0000] {logging_mixin.py:190} INFO - Task instance is in running state
[2025-02-20T07:53:43.732+0000] {logging_mixin.py:190} INFO -  Previous state of the Task instance: queued
[2025-02-20T07:53:43.732+0000] {logging_mixin.py:190} INFO - Current task name:forecast_weather state:running start_date:2025-02-20 07:53:43.553344+00:00
[2025-02-20T07:53:43.733+0000] {logging_mixin.py:190} INFO - Dag name:weather_pipeline_full and current dag run status:running
[2025-02-20T07:53:43.733+0000] {taskinstance.py:732} INFO - ::endgroup::
[2025-02-20T07:53:43.759+0000] {logging_mixin.py:190} INFO - Forecast saved to /opt/***/dags/data/forecast.json
[2025-02-20T07:53:43.760+0000] {python.py:240} INFO - Done. Returned value was: /opt/***/dags/data/forecast.json
[2025-02-20T07:53:43.782+0000] {taskinstance.py:341} INFO - ::group::Post task execution logs
[2025-02-20T07:53:43.782+0000] {taskinstance.py:353} INFO - Marking task as SUCCESS. dag_id=weather_pipeline_full, task_id=forecast_weather, run_id=scheduled__2025-02-20T06:00:00+00:00, execution_date=20250220T060000, start_date=20250220T075343, end_date=20250220T075343
[2025-02-20T07:53:43.803+0000] {logging_mixin.py:190} INFO - Task instance in success state
[2025-02-20T07:53:43.804+0000] {logging_mixin.py:190} INFO -  Previous state of the Task instance: running
[2025-02-20T07:53:43.805+0000] {logging_mixin.py:190} INFO - Dag name:weather_pipeline_full queued_at:2025-02-20 07:45:53.886988+00:00
[2025-02-20T07:53:43.805+0000] {logging_mixin.py:190} INFO - Task hostname:d3d04d7168cb operator:PythonOperator
[2025-02-20T07:53:43.848+0000] {local_task_job_runner.py:266} INFO - Task exited with return code 0
[2025-02-20T07:53:43.866+0000] {taskinstance.py:3901} INFO - 0 downstream tasks scheduled from follow-on schedule check
[2025-02-20T07:53:43.868+0000] {local_task_job_runner.py:245} INFO - ::endgroup::
