[2025-02-20T07:53:40.213+0000] {local_task_job_runner.py:123} INFO - ::group::Pre task execution logs
[2025-02-20T07:53:40.427+0000] {taskinstance.py:2614} INFO - Dependencies all met for dep_context=non-requeueable deps ti=<TaskInstance: weather_pipeline_full.store_weather scheduled__2025-02-20T06:00:00+00:00 [queued]>
[2025-02-20T07:53:40.438+0000] {taskinstance.py:2614} INFO - Dependencies all met for dep_context=requeueable deps ti=<TaskInstance: weather_pipeline_full.store_weather scheduled__2025-02-20T06:00:00+00:00 [queued]>
[2025-02-20T07:53:40.439+0000] {taskinstance.py:2867} INFO - Starting attempt 1 of 2
[2025-02-20T07:53:40.454+0000] {taskinstance.py:2890} INFO - Executing <Task(PythonOperator): store_weather> on 2025-02-20 06:00:00+00:00
[2025-02-20T07:53:40.466+0000] {warnings.py:112} WARNING - /home/***/.local/lib/python3.12/site-packages/***/task/task_runner/standard_task_runner.py:70: DeprecationWarning: This process (pid=529) is multi-threaded, use of fork() may lead to deadlocks in the child.
  pid = os.fork()

[2025-02-20T07:53:40.468+0000] {standard_task_runner.py:72} INFO - Started process 531 to run task
[2025-02-20T07:53:40.468+0000] {standard_task_runner.py:104} INFO - Running: ['***', 'tasks', 'run', 'weather_pipeline_full', 'store_weather', 'scheduled__2025-02-20T06:00:00+00:00', '--job-id', '13', '--raw', '--subdir', 'DAGS_FOLDER/weather.py', '--cfg-path', '/tmp/tmp0sgnk3fz']
[2025-02-20T07:53:40.469+0000] {standard_task_runner.py:105} INFO - Job 13: Subtask store_weather
[2025-02-20T07:53:40.526+0000] {task_command.py:467} INFO - Running <TaskInstance: weather_pipeline_full.store_weather scheduled__2025-02-20T06:00:00+00:00 [running]> on host d3d04d7168cb
[2025-02-20T07:53:40.615+0000] {taskinstance.py:3134} INFO - Exporting env vars: AIRFLOW_CTX_DAG_OWNER='***' AIRFLOW_CTX_DAG_ID='weather_pipeline_full' AIRFLOW_CTX_TASK_ID='store_weather' AIRFLOW_CTX_EXECUTION_DATE='2025-02-20T06:00:00+00:00' AIRFLOW_CTX_TRY_NUMBER='1' AIRFLOW_CTX_DAG_RUN_ID='scheduled__2025-02-20T06:00:00+00:00'
[2025-02-20T07:53:40.616+0000] {logging_mixin.py:190} INFO - Task instance is in running state
[2025-02-20T07:53:40.617+0000] {logging_mixin.py:190} INFO -  Previous state of the Task instance: queued
[2025-02-20T07:53:40.617+0000] {logging_mixin.py:190} INFO - Current task name:store_weather state:running start_date:2025-02-20 07:53:40.428326+00:00
[2025-02-20T07:53:40.617+0000] {logging_mixin.py:190} INFO - Dag name:weather_pipeline_full and current dag run status:running
[2025-02-20T07:53:40.618+0000] {taskinstance.py:732} INFO - ::endgroup::
[2025-02-20T07:53:40.651+0000] {logging_mixin.py:190} INFO - Stored weather data in /opt/***/dags/data/weather_history.csv
[2025-02-20T07:53:40.652+0000] {python.py:240} INFO - Done. Returned value was: /opt/***/dags/data/weather_history.csv
[2025-02-20T07:53:40.677+0000] {taskinstance.py:341} INFO - ::group::Post task execution logs
[2025-02-20T07:53:40.678+0000] {taskinstance.py:353} INFO - Marking task as SUCCESS. dag_id=weather_pipeline_full, task_id=store_weather, run_id=scheduled__2025-02-20T06:00:00+00:00, execution_date=20250220T060000, start_date=20250220T075340, end_date=20250220T075340
[2025-02-20T07:53:40.705+0000] {logging_mixin.py:190} INFO - Task instance in success state
[2025-02-20T07:53:40.705+0000] {logging_mixin.py:190} INFO -  Previous state of the Task instance: running
[2025-02-20T07:53:40.706+0000] {logging_mixin.py:190} INFO - Dag name:weather_pipeline_full queued_at:2025-02-20 07:45:53.886988+00:00
[2025-02-20T07:53:40.706+0000] {logging_mixin.py:190} INFO - Task hostname:d3d04d7168cb operator:PythonOperator
[2025-02-20T07:53:40.728+0000] {local_task_job_runner.py:266} INFO - Task exited with return code 0
[2025-02-20T07:53:40.752+0000] {taskinstance.py:3901} INFO - 1 downstream tasks scheduled from follow-on schedule check
[2025-02-20T07:53:40.754+0000] {local_task_job_runner.py:245} INFO - ::endgroup::
