[2025-02-20T09:38:54.058+0000] {local_task_job_runner.py:123} INFO - ::group::Pre task execution logs
[2025-02-20T09:38:54.095+0000] {taskinstance.py:2614} INFO - Dependencies all met for dep_context=non-requeueable deps ti=<TaskInstance: weather_to_postgres_hook.process_weather manual__2025-02-20T09:38:40.180491+00:00 [queued]>
[2025-02-20T09:38:54.121+0000] {taskinstance.py:2614} INFO - Dependencies all met for dep_context=requeueable deps ti=<TaskInstance: weather_to_postgres_hook.process_weather manual__2025-02-20T09:38:40.180491+00:00 [queued]>
[2025-02-20T09:38:54.122+0000] {taskinstance.py:2867} INFO - Starting attempt 1 of 2
[2025-02-20T09:38:54.140+0000] {taskinstance.py:2890} INFO - Executing <Task(PythonOperator): process_weather> on 2025-02-20 09:38:40.180491+00:00
[2025-02-20T09:38:54.154+0000] {warnings.py:112} WARNING - /home/***/.local/lib/python3.12/site-packages/***/task/task_runner/standard_task_runner.py:70: DeprecationWarning: This process (pid=476) is multi-threaded, use of fork() may lead to deadlocks in the child.
  pid = os.fork()

[2025-02-20T09:38:54.157+0000] {standard_task_runner.py:72} INFO - Started process 478 to run task
[2025-02-20T09:38:54.157+0000] {standard_task_runner.py:104} INFO - Running: ['***', 'tasks', 'run', 'weather_to_postgres_hook', 'process_weather', 'manual__2025-02-20T09:38:40.180491+00:00', '--job-id', '45', '--raw', '--subdir', 'DAGS_FOLDER/etl_weather.py', '--cfg-path', '/tmp/tmpbx13c_un']
[2025-02-20T09:38:54.159+0000] {standard_task_runner.py:105} INFO - Job 45: Subtask process_weather
[2025-02-20T09:38:54.224+0000] {task_command.py:467} INFO - Running <TaskInstance: weather_to_postgres_hook.process_weather manual__2025-02-20T09:38:40.180491+00:00 [running]> on host 9f470da8c4e6
[2025-02-20T09:38:54.568+0000] {taskinstance.py:3134} INFO - Exporting env vars: AIRFLOW_CTX_DAG_OWNER='***' AIRFLOW_CTX_DAG_ID='weather_to_postgres_hook' AIRFLOW_CTX_TASK_ID='process_weather' AIRFLOW_CTX_EXECUTION_DATE='2025-02-20T09:38:40.180491+00:00' AIRFLOW_CTX_TRY_NUMBER='1' AIRFLOW_CTX_DAG_RUN_ID='manual__2025-02-20T09:38:40.180491+00:00'
[2025-02-20T09:38:54.570+0000] {logging_mixin.py:190} INFO - Task instance is in running state
[2025-02-20T09:38:54.570+0000] {logging_mixin.py:190} INFO -  Previous state of the Task instance: queued
[2025-02-20T09:38:54.570+0000] {logging_mixin.py:190} INFO - Current task name:process_weather state:running start_date:2025-02-20 09:38:54.101163+00:00
[2025-02-20T09:38:54.571+0000] {logging_mixin.py:190} INFO - Dag name:weather_to_postgres_hook and current dag run status:running
[2025-02-20T09:38:54.571+0000] {taskinstance.py:732} INFO - ::endgroup::
[2025-02-20T09:38:54.581+0000] {python.py:240} INFO - Done. Returned value was: {'city': 'Jakarta', 'temperature': 304.24, 'humidity': 59, 'weather_description': 'scattered clouds', 'timestamp': 1740044327}
[2025-02-20T09:38:54.604+0000] {taskinstance.py:341} INFO - ::group::Post task execution logs
[2025-02-20T09:38:54.605+0000] {taskinstance.py:353} INFO - Marking task as SUCCESS. dag_id=weather_to_postgres_hook, task_id=process_weather, run_id=manual__2025-02-20T09:38:40.180491+00:00, execution_date=20250220T093840, start_date=20250220T093854, end_date=20250220T093854
[2025-02-20T09:38:54.627+0000] {logging_mixin.py:190} INFO - Task instance in success state
[2025-02-20T09:38:54.627+0000] {logging_mixin.py:190} INFO -  Previous state of the Task instance: running
[2025-02-20T09:38:54.628+0000] {logging_mixin.py:190} INFO - Dag name:weather_to_postgres_hook queued_at:2025-02-20 09:38:40.225586+00:00
[2025-02-20T09:38:54.628+0000] {logging_mixin.py:190} INFO - Task hostname:9f470da8c4e6 operator:PythonOperator
[2025-02-20T09:38:54.662+0000] {local_task_job_runner.py:266} INFO - Task exited with return code 0
[2025-02-20T09:38:54.704+0000] {taskinstance.py:3901} INFO - 1 downstream tasks scheduled from follow-on schedule check
[2025-02-20T09:38:54.706+0000] {local_task_job_runner.py:245} INFO - ::endgroup::
