[2025-02-20T09:23:26.752+0000] {local_task_job_runner.py:123} INFO - ::group::Pre task execution logs
[2025-02-20T09:23:26.808+0000] {taskinstance.py:2614} INFO - Dependencies all met for dep_context=non-requeueable deps ti=<TaskInstance: weather_to_postgres_hook.store_to_postgres scheduled__2025-02-20T08:00:00+00:00 [queued]>
[2025-02-20T09:23:26.821+0000] {taskinstance.py:2614} INFO - Dependencies all met for dep_context=requeueable deps ti=<TaskInstance: weather_to_postgres_hook.store_to_postgres scheduled__2025-02-20T08:00:00+00:00 [queued]>
[2025-02-20T09:23:26.822+0000] {taskinstance.py:2867} INFO - Starting attempt 1 of 2
[2025-02-20T09:23:26.838+0000] {taskinstance.py:2890} INFO - Executing <Task(PythonOperator): store_to_postgres> on 2025-02-20 08:00:00+00:00
[2025-02-20T09:23:26.851+0000] {warnings.py:112} WARNING - /home/***/.local/lib/python3.12/site-packages/***/task/task_runner/standard_task_runner.py:70: DeprecationWarning: This process (pid=257) is multi-threaded, use of fork() may lead to deadlocks in the child.
  pid = os.fork()

[2025-02-20T09:23:26.852+0000] {standard_task_runner.py:72} INFO - Started process 259 to run task
[2025-02-20T09:23:26.853+0000] {standard_task_runner.py:104} INFO - Running: ['***', 'tasks', 'run', 'weather_to_postgres_hook', 'store_to_postgres', 'scheduled__2025-02-20T08:00:00+00:00', '--job-id', '37', '--raw', '--subdir', 'DAGS_FOLDER/etl_weather.py', '--cfg-path', '/tmp/tmpy1nj2hyu']
[2025-02-20T09:23:26.854+0000] {standard_task_runner.py:105} INFO - Job 37: Subtask store_to_postgres
[2025-02-20T09:23:26.935+0000] {task_command.py:467} INFO - Running <TaskInstance: weather_to_postgres_hook.store_to_postgres scheduled__2025-02-20T08:00:00+00:00 [running]> on host 9f470da8c4e6
[2025-02-20T09:23:27.385+0000] {taskinstance.py:3134} INFO - Exporting env vars: AIRFLOW_CTX_DAG_OWNER='***' AIRFLOW_CTX_DAG_ID='weather_to_postgres_hook' AIRFLOW_CTX_TASK_ID='store_to_postgres' AIRFLOW_CTX_EXECUTION_DATE='2025-02-20T08:00:00+00:00' AIRFLOW_CTX_TRY_NUMBER='1' AIRFLOW_CTX_DAG_RUN_ID='scheduled__2025-02-20T08:00:00+00:00'
[2025-02-20T09:23:27.387+0000] {logging_mixin.py:190} INFO - Task instance is in running state
[2025-02-20T09:23:27.390+0000] {logging_mixin.py:190} INFO -  Previous state of the Task instance: queued
[2025-02-20T09:23:27.393+0000] {logging_mixin.py:190} INFO - Current task name:store_to_postgres state:running start_date:2025-02-20 09:23:26.809207+00:00
[2025-02-20T09:23:27.393+0000] {logging_mixin.py:190} INFO - Dag name:weather_to_postgres_hook and current dag run status:running
[2025-02-20T09:23:27.394+0000] {taskinstance.py:732} INFO - ::endgroup::
[2025-02-20T09:23:27.424+0000] {base.py:84} INFO - Retrieving connection 'postgres_default'
[2025-02-20T09:23:27.431+0000] {sql.py:511} INFO - Running statement: 
    CREATE TABLE IF NOT EXISTS weather_data (
        id SERIAL PRIMARY KEY,
        city VARCHAR(50),
        temperature FLOAT,
        humidity INT,
        weather_description VARCHAR(100),
        timestamp BIGINT
    );
    , parameters: None
[2025-02-20T09:23:27.440+0000] {sql.py:511} INFO - Running statement: 
    INSERT INTO weather_data (city, temperature, humidity, weather_description, timestamp)
    VALUES (%s, %s, %s, %s, %s);
    , parameters: ('Jakarta', 304.9, 56, 'scattered clouds', 1740043400)
[2025-02-20T09:23:27.444+0000] {sql.py:520} INFO - Rows affected: 1
[2025-02-20T09:23:27.445+0000] {python.py:240} INFO - Done. Returned value was: None
[2025-02-20T09:23:27.459+0000] {taskinstance.py:341} INFO - ::group::Post task execution logs
[2025-02-20T09:23:27.460+0000] {taskinstance.py:353} INFO - Marking task as SUCCESS. dag_id=weather_to_postgres_hook, task_id=store_to_postgres, run_id=scheduled__2025-02-20T08:00:00+00:00, execution_date=20250220T080000, start_date=20250220T092326, end_date=20250220T092327
[2025-02-20T09:23:27.491+0000] {logging_mixin.py:190} INFO - Task instance in success state
[2025-02-20T09:23:27.492+0000] {logging_mixin.py:190} INFO -  Previous state of the Task instance: running
[2025-02-20T09:23:27.492+0000] {logging_mixin.py:190} INFO - Dag name:weather_to_postgres_hook queued_at:2025-02-20 09:12:20.879812+00:00
[2025-02-20T09:23:27.493+0000] {logging_mixin.py:190} INFO - Task hostname:9f470da8c4e6 operator:PythonOperator
[2025-02-20T09:23:27.557+0000] {local_task_job_runner.py:266} INFO - Task exited with return code 0
[2025-02-20T09:23:27.577+0000] {taskinstance.py:3901} INFO - 0 downstream tasks scheduled from follow-on schedule check
[2025-02-20T09:23:27.580+0000] {local_task_job_runner.py:245} INFO - ::endgroup::
