[2025-02-20T08:40:24.492+0000] {local_task_job_runner.py:123} INFO - ::group::Pre task execution logs
[2025-02-20T08:40:24.741+0000] {taskinstance.py:2614} INFO - Dependencies all met for dep_context=non-requeueable deps ti=<TaskInstance: weather_to_postgres.store_to_postgres manual__2025-02-20T08:39:09.975261+00:00 [queued]>
[2025-02-20T08:40:24.752+0000] {taskinstance.py:2614} INFO - Dependencies all met for dep_context=requeueable deps ti=<TaskInstance: weather_to_postgres.store_to_postgres manual__2025-02-20T08:39:09.975261+00:00 [queued]>
[2025-02-20T08:40:24.752+0000] {taskinstance.py:2867} INFO - Starting attempt 1 of 2
[2025-02-20T08:40:24.767+0000] {taskinstance.py:2890} INFO - Executing <Task(PythonOperator): store_to_postgres> on 2025-02-20 08:39:09.975261+00:00
[2025-02-20T08:40:24.778+0000] {warnings.py:112} WARNING - /home/***/.local/lib/python3.12/site-packages/***/task/task_runner/standard_task_runner.py:70: DeprecationWarning: This process (pid=1204) is multi-threaded, use of fork() may lead to deadlocks in the child.
  pid = os.fork()

[2025-02-20T08:40:24.780+0000] {standard_task_runner.py:72} INFO - Started process 1209 to run task
[2025-02-20T08:40:24.780+0000] {standard_task_runner.py:104} INFO - Running: ['***', 'tasks', 'run', 'weather_to_postgres', 'store_to_postgres', 'manual__2025-02-20T08:39:09.975261+00:00', '--job-id', '28', '--raw', '--subdir', 'DAGS_FOLDER/etl_weather.py', '--cfg-path', '/tmp/tmpvzw7f4_n']
[2025-02-20T08:40:24.782+0000] {standard_task_runner.py:105} INFO - Job 28: Subtask store_to_postgres
[2025-02-20T08:40:24.832+0000] {task_command.py:467} INFO - Running <TaskInstance: weather_to_postgres.store_to_postgres manual__2025-02-20T08:39:09.975261+00:00 [running]> on host d3d04d7168cb
[2025-02-20T08:40:24.919+0000] {taskinstance.py:3134} INFO - Exporting env vars: AIRFLOW_CTX_DAG_OWNER='***' AIRFLOW_CTX_DAG_ID='weather_to_postgres' AIRFLOW_CTX_TASK_ID='store_to_postgres' AIRFLOW_CTX_EXECUTION_DATE='2025-02-20T08:39:09.975261+00:00' AIRFLOW_CTX_TRY_NUMBER='1' AIRFLOW_CTX_DAG_RUN_ID='manual__2025-02-20T08:39:09.975261+00:00'
[2025-02-20T08:40:24.920+0000] {logging_mixin.py:190} INFO - Task instance is in running state
[2025-02-20T08:40:24.921+0000] {logging_mixin.py:190} INFO -  Previous state of the Task instance: queued
[2025-02-20T08:40:24.921+0000] {logging_mixin.py:190} INFO - Current task name:store_to_postgres state:running start_date:2025-02-20 08:40:24.742596+00:00
[2025-02-20T08:40:24.922+0000] {logging_mixin.py:190} INFO - Dag name:weather_to_postgres and current dag run status:running
[2025-02-20T08:40:24.922+0000] {taskinstance.py:732} INFO - ::endgroup::
[2025-02-20T08:40:24.963+0000] {logging_mixin.py:190} INFO - Inserted weather data into PostgreSQL.
[2025-02-20T08:40:24.963+0000] {python.py:240} INFO - Done. Returned value was: None
[2025-02-20T08:40:24.976+0000] {taskinstance.py:341} INFO - ::group::Post task execution logs
[2025-02-20T08:40:24.977+0000] {taskinstance.py:353} INFO - Marking task as SUCCESS. dag_id=weather_to_postgres, task_id=store_to_postgres, run_id=manual__2025-02-20T08:39:09.975261+00:00, execution_date=20250220T083909, start_date=20250220T084024, end_date=20250220T084024
[2025-02-20T08:40:25.004+0000] {logging_mixin.py:190} INFO - Task instance in success state
[2025-02-20T08:40:25.005+0000] {logging_mixin.py:190} INFO -  Previous state of the Task instance: running
[2025-02-20T08:40:25.005+0000] {logging_mixin.py:190} INFO - Dag name:weather_to_postgres queued_at:2025-02-20 08:39:10.033954+00:00
[2025-02-20T08:40:25.006+0000] {logging_mixin.py:190} INFO - Task hostname:d3d04d7168cb operator:PythonOperator
[2025-02-20T08:40:25.045+0000] {local_task_job_runner.py:266} INFO - Task exited with return code 0
[2025-02-20T08:40:25.064+0000] {taskinstance.py:3901} INFO - 0 downstream tasks scheduled from follow-on schedule check
[2025-02-20T08:40:25.066+0000] {local_task_job_runner.py:245} INFO - ::endgroup::
