[2025-02-20T09:39:18.528+0000] {local_task_job_runner.py:123} INFO - ::group::Pre task execution logs
[2025-02-20T09:39:18.560+0000] {taskinstance.py:2614} INFO - Dependencies all met for dep_context=non-requeueable deps ti=<TaskInstance: weather_to_postgres_hook.process_weather manual__2025-02-20T09:33:05.400127+00:00 [queued]>
[2025-02-20T09:39:18.578+0000] {taskinstance.py:2614} INFO - Dependencies all met for dep_context=requeueable deps ti=<TaskInstance: weather_to_postgres_hook.process_weather manual__2025-02-20T09:33:05.400127+00:00 [queued]>
[2025-02-20T09:39:18.579+0000] {taskinstance.py:2867} INFO - Starting attempt 2 of 2
[2025-02-20T09:39:18.607+0000] {taskinstance.py:2890} INFO - Executing <Task(PythonOperator): process_weather> on 2025-02-20 09:33:05.400127+00:00
[2025-02-20T09:39:18.624+0000] {warnings.py:112} WARNING - /home/***/.local/lib/python3.12/site-packages/***/task/task_runner/standard_task_runner.py:70: DeprecationWarning: This process (pid=491) is multi-threaded, use of fork() may lead to deadlocks in the child.
  pid = os.fork()

[2025-02-20T09:39:18.626+0000] {standard_task_runner.py:72} INFO - Started process 494 to run task
[2025-02-20T09:39:18.627+0000] {standard_task_runner.py:104} INFO - Running: ['***', 'tasks', 'run', 'weather_to_postgres_hook', 'process_weather', 'manual__2025-02-20T09:33:05.400127+00:00', '--job-id', '47', '--raw', '--subdir', 'DAGS_FOLDER/etl_weather.py', '--cfg-path', '/tmp/tmpjgco0lx2']
[2025-02-20T09:39:18.629+0000] {standard_task_runner.py:105} INFO - Job 47: Subtask process_weather
[2025-02-20T09:39:18.700+0000] {task_command.py:467} INFO - Running <TaskInstance: weather_to_postgres_hook.process_weather manual__2025-02-20T09:33:05.400127+00:00 [running]> on host 9f470da8c4e6
[2025-02-20T09:39:19.108+0000] {taskinstance.py:3134} INFO - Exporting env vars: AIRFLOW_CTX_DAG_OWNER='***' AIRFLOW_CTX_DAG_ID='weather_to_postgres_hook' AIRFLOW_CTX_TASK_ID='process_weather' AIRFLOW_CTX_EXECUTION_DATE='2025-02-20T09:33:05.400127+00:00' AIRFLOW_CTX_TRY_NUMBER='2' AIRFLOW_CTX_DAG_RUN_ID='manual__2025-02-20T09:33:05.400127+00:00'
[2025-02-20T09:39:19.110+0000] {logging_mixin.py:190} INFO - Task instance is in running state
[2025-02-20T09:39:19.110+0000] {logging_mixin.py:190} INFO -  Previous state of the Task instance: queued
[2025-02-20T09:39:19.110+0000] {logging_mixin.py:190} INFO - Current task name:process_weather state:running start_date:2025-02-20 09:39:18.561663+00:00
[2025-02-20T09:39:19.111+0000] {logging_mixin.py:190} INFO - Dag name:weather_to_postgres_hook and current dag run status:running
[2025-02-20T09:39:19.111+0000] {taskinstance.py:732} INFO - ::endgroup::
[2025-02-20T09:39:19.123+0000] {python.py:240} INFO - Done. Returned value was: {'city': 'Jakarta', 'temperature': 304.9, 'humidity': 57, 'weather_description': 'scattered clouds', 'timestamp': 1740044003}
[2025-02-20T09:39:19.148+0000] {taskinstance.py:341} INFO - ::group::Post task execution logs
[2025-02-20T09:39:19.149+0000] {taskinstance.py:353} INFO - Marking task as SUCCESS. dag_id=weather_to_postgres_hook, task_id=process_weather, run_id=manual__2025-02-20T09:33:05.400127+00:00, execution_date=20250220T093305, start_date=20250220T093918, end_date=20250220T093919
[2025-02-20T09:39:19.176+0000] {logging_mixin.py:190} INFO - Task instance in success state
[2025-02-20T09:39:19.176+0000] {logging_mixin.py:190} INFO -  Previous state of the Task instance: running
[2025-02-20T09:39:19.177+0000] {logging_mixin.py:190} INFO - Dag name:weather_to_postgres_hook queued_at:2025-02-20 09:33:05.489739+00:00
[2025-02-20T09:39:19.177+0000] {logging_mixin.py:190} INFO - Task hostname:9f470da8c4e6 operator:PythonOperator
[2025-02-20T09:39:19.210+0000] {local_task_job_runner.py:266} INFO - Task exited with return code 0
[2025-02-20T09:39:19.241+0000] {taskinstance.py:3901} INFO - 1 downstream tasks scheduled from follow-on schedule check
[2025-02-20T09:39:19.243+0000] {local_task_job_runner.py:245} INFO - ::endgroup::
