[2025-02-20T08:39:59.079+0000] {local_task_job_runner.py:123} INFO - ::group::Pre task execution logs
[2025-02-20T08:39:59.603+0000] {taskinstance.py:2614} INFO - Dependencies all met for dep_context=non-requeueable deps ti=<TaskInstance: weather_to_postgres.fetch_weather manual__2025-02-20T08:39:09.975261+00:00 [queued]>
[2025-02-20T08:39:59.618+0000] {taskinstance.py:2614} INFO - Dependencies all met for dep_context=requeueable deps ti=<TaskInstance: weather_to_postgres.fetch_weather manual__2025-02-20T08:39:09.975261+00:00 [queued]>
[2025-02-20T08:39:59.619+0000] {taskinstance.py:2867} INFO - Starting attempt 1 of 2
[2025-02-20T08:39:59.642+0000] {taskinstance.py:2890} INFO - Executing <Task(PythonOperator): fetch_weather> on 2025-02-20 08:39:09.975261+00:00
[2025-02-20T08:39:59.702+0000] {warnings.py:112} WARNING - /home/***/.local/lib/python3.12/site-packages/***/task/task_runner/standard_task_runner.py:70: DeprecationWarning: This process (pid=1182) is multi-threaded, use of fork() may lead to deadlocks in the child.
  pid = os.fork()

[2025-02-20T08:39:59.703+0000] {standard_task_runner.py:104} INFO - Running: ['***', 'tasks', 'run', 'weather_to_postgres', 'fetch_weather', 'manual__2025-02-20T08:39:09.975261+00:00', '--job-id', '23', '--raw', '--subdir', 'DAGS_FOLDER/etl_weather.py', '--cfg-path', '/tmp/tmp92p2gtzh']
[2025-02-20T08:39:59.721+0000] {standard_task_runner.py:105} INFO - Job 23: Subtask fetch_weather
[2025-02-20T08:39:59.721+0000] {standard_task_runner.py:72} INFO - Started process 1192 to run task
[2025-02-20T08:40:00.011+0000] {task_command.py:467} INFO - Running <TaskInstance: weather_to_postgres.fetch_weather manual__2025-02-20T08:39:09.975261+00:00 [running]> on host d3d04d7168cb
[2025-02-20T08:40:00.225+0000] {taskinstance.py:3134} INFO - Exporting env vars: AIRFLOW_CTX_DAG_OWNER='***' AIRFLOW_CTX_DAG_ID='weather_to_postgres' AIRFLOW_CTX_TASK_ID='fetch_weather' AIRFLOW_CTX_EXECUTION_DATE='2025-02-20T08:39:09.975261+00:00' AIRFLOW_CTX_TRY_NUMBER='1' AIRFLOW_CTX_DAG_RUN_ID='manual__2025-02-20T08:39:09.975261+00:00'
[2025-02-20T08:40:00.228+0000] {logging_mixin.py:190} INFO - Task instance is in running state
[2025-02-20T08:40:00.228+0000] {logging_mixin.py:190} INFO -  Previous state of the Task instance: queued
[2025-02-20T08:40:00.229+0000] {logging_mixin.py:190} INFO - Current task name:fetch_weather state:running start_date:2025-02-20 08:39:59.604373+00:00
[2025-02-20T08:40:00.230+0000] {logging_mixin.py:190} INFO - Dag name:weather_to_postgres and current dag run status:running
[2025-02-20T08:40:00.231+0000] {taskinstance.py:732} INFO - ::endgroup::
[2025-02-20T08:40:01.169+0000] {logging_mixin.py:190} INFO - Fetched weather data and saved to /opt/***/dags/data/raw_weather_data.json
[2025-02-20T08:40:01.171+0000] {python.py:240} INFO - Done. Returned value was: /opt/***/dags/data/raw_weather_data.json
[2025-02-20T08:40:01.216+0000] {taskinstance.py:341} INFO - ::group::Post task execution logs
[2025-02-20T08:40:01.218+0000] {taskinstance.py:353} INFO - Marking task as SUCCESS. dag_id=weather_to_postgres, task_id=fetch_weather, run_id=manual__2025-02-20T08:39:09.975261+00:00, execution_date=20250220T083909, start_date=20250220T083959, end_date=20250220T084001
[2025-02-20T08:40:01.257+0000] {logging_mixin.py:190} INFO - Task instance in success state
[2025-02-20T08:40:01.258+0000] {logging_mixin.py:190} INFO -  Previous state of the Task instance: running
[2025-02-20T08:40:01.259+0000] {logging_mixin.py:190} INFO - Dag name:weather_to_postgres queued_at:2025-02-20 08:39:10.033954+00:00
[2025-02-20T08:40:01.259+0000] {logging_mixin.py:190} INFO - Task hostname:d3d04d7168cb operator:PythonOperator
[2025-02-20T08:40:01.304+0000] {local_task_job_runner.py:266} INFO - Task exited with return code 0
[2025-02-20T08:40:01.375+0000] {taskinstance.py:3901} INFO - 1 downstream tasks scheduled from follow-on schedule check
[2025-02-20T08:40:01.378+0000] {local_task_job_runner.py:245} INFO - ::endgroup::
