[2025-02-20T09:38:44.045+0000] {local_task_job_runner.py:123} INFO - ::group::Pre task execution logs
[2025-02-20T09:38:44.077+0000] {taskinstance.py:2614} INFO - Dependencies all met for dep_context=non-requeueable deps ti=<TaskInstance: weather_to_postgres_hook.fetch_weather manual__2025-02-20T09:38:40.180491+00:00 [queued]>
[2025-02-20T09:38:44.090+0000] {taskinstance.py:2614} INFO - Dependencies all met for dep_context=requeueable deps ti=<TaskInstance: weather_to_postgres_hook.fetch_weather manual__2025-02-20T09:38:40.180491+00:00 [queued]>
[2025-02-20T09:38:44.091+0000] {taskinstance.py:2867} INFO - Starting attempt 1 of 2
[2025-02-20T09:38:44.115+0000] {taskinstance.py:2890} INFO - Executing <Task(PythonOperator): fetch_weather> on 2025-02-20 09:38:40.180491+00:00
[2025-02-20T09:38:44.128+0000] {warnings.py:112} WARNING - /home/***/.local/lib/python3.12/site-packages/***/task/task_runner/standard_task_runner.py:70: DeprecationWarning: This process (pid=472) is multi-threaded, use of fork() may lead to deadlocks in the child.
  pid = os.fork()

[2025-02-20T09:38:44.130+0000] {standard_task_runner.py:72} INFO - Started process 474 to run task
[2025-02-20T09:38:44.130+0000] {standard_task_runner.py:104} INFO - Running: ['***', 'tasks', 'run', 'weather_to_postgres_hook', 'fetch_weather', 'manual__2025-02-20T09:38:40.180491+00:00', '--job-id', '44', '--raw', '--subdir', 'DAGS_FOLDER/etl_weather.py', '--cfg-path', '/tmp/tmpfx5tzw1c']
[2025-02-20T09:38:44.132+0000] {standard_task_runner.py:105} INFO - Job 44: Subtask fetch_weather
[2025-02-20T09:38:44.192+0000] {task_command.py:467} INFO - Running <TaskInstance: weather_to_postgres_hook.fetch_weather manual__2025-02-20T09:38:40.180491+00:00 [running]> on host 9f470da8c4e6
[2025-02-20T09:38:44.606+0000] {taskinstance.py:3134} INFO - Exporting env vars: AIRFLOW_CTX_DAG_OWNER='***' AIRFLOW_CTX_DAG_ID='weather_to_postgres_hook' AIRFLOW_CTX_TASK_ID='fetch_weather' AIRFLOW_CTX_EXECUTION_DATE='2025-02-20T09:38:40.180491+00:00' AIRFLOW_CTX_TRY_NUMBER='1' AIRFLOW_CTX_DAG_RUN_ID='manual__2025-02-20T09:38:40.180491+00:00'
[2025-02-20T09:38:44.608+0000] {logging_mixin.py:190} INFO - Task instance is in running state
[2025-02-20T09:38:44.608+0000] {logging_mixin.py:190} INFO -  Previous state of the Task instance: queued
[2025-02-20T09:38:44.609+0000] {logging_mixin.py:190} INFO - Current task name:fetch_weather state:running start_date:2025-02-20 09:38:44.078679+00:00
[2025-02-20T09:38:44.609+0000] {logging_mixin.py:190} INFO - Dag name:weather_to_postgres_hook and current dag run status:running
[2025-02-20T09:38:44.610+0000] {taskinstance.py:732} INFO - ::endgroup::
[2025-02-20T09:38:50.829+0000] {python.py:240} INFO - Done. Returned value was: {'coord': {'lon': 106.8166, 'lat': -6.2}, 'weather': [{'id': 802, 'main': 'Clouds', 'description': 'scattered clouds', 'icon': '03d'}], 'base': 'stations', 'main': {'temp': 304.24, 'feels_like': 307.94, 'temp_min': 303.15, 'temp_max': 304.25, 'pressure': 1008, 'humidity': 59, 'sea_level': 1008, 'grnd_level': 1006}, 'visibility': 7000, 'wind': {'speed': 3.6, 'deg': 310}, 'clouds': {'all': 40}, 'dt': 1740044327, 'sys': {'type': 1, 'id': 9383, 'country': 'ID', 'sunrise': 1740005906, 'sunset': 1740050093}, 'timezone': 25200, 'id': 1642911, 'name': 'Jakarta', 'cod': 200}
[2025-02-20T09:38:50.856+0000] {taskinstance.py:341} INFO - ::group::Post task execution logs
[2025-02-20T09:38:50.857+0000] {taskinstance.py:353} INFO - Marking task as SUCCESS. dag_id=weather_to_postgres_hook, task_id=fetch_weather, run_id=manual__2025-02-20T09:38:40.180491+00:00, execution_date=20250220T093840, start_date=20250220T093844, end_date=20250220T093850
[2025-02-20T09:38:50.881+0000] {logging_mixin.py:190} INFO - Task instance in success state
[2025-02-20T09:38:50.882+0000] {logging_mixin.py:190} INFO -  Previous state of the Task instance: running
[2025-02-20T09:38:50.882+0000] {logging_mixin.py:190} INFO - Dag name:weather_to_postgres_hook queued_at:2025-02-20 09:38:40.225586+00:00
[2025-02-20T09:38:50.883+0000] {logging_mixin.py:190} INFO - Task hostname:9f470da8c4e6 operator:PythonOperator
[2025-02-20T09:38:50.906+0000] {local_task_job_runner.py:266} INFO - Task exited with return code 0
[2025-02-20T09:38:51.185+0000] {taskinstance.py:3901} INFO - 1 downstream tasks scheduled from follow-on schedule check
[2025-02-20T09:38:51.187+0000] {local_task_job_runner.py:245} INFO - ::endgroup::
