[2025-02-20T09:46:00.867+0000] {local_task_job_runner.py:123} INFO - ::group::Pre task execution logs
[2025-02-20T09:46:00.903+0000] {taskinstance.py:2614} INFO - Dependencies all met for dep_context=non-requeueable deps ti=<TaskInstance: weather_to_postgres_hook.process_weather manual__2025-02-20T09:45:53.780534+00:00 [queued]>
[2025-02-20T09:46:00.923+0000] {taskinstance.py:2614} INFO - Dependencies all met for dep_context=requeueable deps ti=<TaskInstance: weather_to_postgres_hook.process_weather manual__2025-02-20T09:45:53.780534+00:00 [queued]>
[2025-02-20T09:46:00.923+0000] {taskinstance.py:2867} INFO - Starting attempt 1 of 2
[2025-02-20T09:46:01.135+0000] {taskinstance.py:2890} INFO - Executing <Task(PythonOperator): process_weather> on 2025-02-20 09:45:53.780534+00:00
[2025-02-20T09:46:01.145+0000] {warnings.py:112} WARNING - /home/***/.local/lib/python3.12/site-packages/***/task/task_runner/standard_task_runner.py:70: DeprecationWarning: This process (pid=601) is multi-threaded, use of fork() may lead to deadlocks in the child.
  pid = os.fork()

[2025-02-20T09:46:01.147+0000] {standard_task_runner.py:72} INFO - Started process 603 to run task
[2025-02-20T09:46:01.147+0000] {standard_task_runner.py:104} INFO - Running: ['***', 'tasks', 'run', 'weather_to_postgres_hook', 'process_weather', 'manual__2025-02-20T09:45:53.780534+00:00', '--job-id', '59', '--raw', '--subdir', 'DAGS_FOLDER/etl_weather.py', '--cfg-path', '/tmp/tmp14blr70r']
[2025-02-20T09:46:01.148+0000] {standard_task_runner.py:105} INFO - Job 59: Subtask process_weather
[2025-02-20T09:46:01.194+0000] {task_command.py:467} INFO - Running <TaskInstance: weather_to_postgres_hook.process_weather manual__2025-02-20T09:45:53.780534+00:00 [running]> on host 9f470da8c4e6
[2025-02-20T09:46:01.280+0000] {taskinstance.py:3134} INFO - Exporting env vars: AIRFLOW_CTX_DAG_OWNER='***' AIRFLOW_CTX_DAG_ID='weather_to_postgres_hook' AIRFLOW_CTX_TASK_ID='process_weather' AIRFLOW_CTX_EXECUTION_DATE='2025-02-20T09:45:53.780534+00:00' AIRFLOW_CTX_TRY_NUMBER='1' AIRFLOW_CTX_DAG_RUN_ID='manual__2025-02-20T09:45:53.780534+00:00'
[2025-02-20T09:46:01.282+0000] {logging_mixin.py:190} INFO - Task instance is in running state
[2025-02-20T09:46:01.282+0000] {logging_mixin.py:190} INFO -  Previous state of the Task instance: queued
[2025-02-20T09:46:01.283+0000] {logging_mixin.py:190} INFO - Current task name:process_weather state:running start_date:2025-02-20 09:46:00.905144+00:00
[2025-02-20T09:46:01.283+0000] {logging_mixin.py:190} INFO - Dag name:weather_to_postgres_hook and current dag run status:running
[2025-02-20T09:46:01.283+0000] {taskinstance.py:732} INFO - ::endgroup::
[2025-02-20T09:46:01.293+0000] {python.py:240} INFO - Done. Returned value was: {'city': 'Jakarta', 'temperature': 304.48, 'humidity': 58, 'weather_description': 'scattered clouds', 'timestamp': 1740044678}
[2025-02-20T09:46:01.315+0000] {taskinstance.py:341} INFO - ::group::Post task execution logs
[2025-02-20T09:46:01.316+0000] {taskinstance.py:353} INFO - Marking task as SUCCESS. dag_id=weather_to_postgres_hook, task_id=process_weather, run_id=manual__2025-02-20T09:45:53.780534+00:00, execution_date=20250220T094553, start_date=20250220T094600, end_date=20250220T094601
[2025-02-20T09:46:01.339+0000] {logging_mixin.py:190} INFO - Task instance in success state
[2025-02-20T09:46:01.339+0000] {logging_mixin.py:190} INFO -  Previous state of the Task instance: running
[2025-02-20T09:46:01.340+0000] {logging_mixin.py:190} INFO - Dag name:weather_to_postgres_hook queued_at:2025-02-20 09:45:53.830128+00:00
[2025-02-20T09:46:01.340+0000] {logging_mixin.py:190} INFO - Task hostname:9f470da8c4e6 operator:PythonOperator
[2025-02-20T09:46:01.364+0000] {local_task_job_runner.py:266} INFO - Task exited with return code 0
[2025-02-20T09:46:01.388+0000] {taskinstance.py:3901} INFO - 1 downstream tasks scheduled from follow-on schedule check
[2025-02-20T09:46:01.390+0000] {local_task_job_runner.py:245} INFO - ::endgroup::
