[2025-02-20T08:00:09.984+0000] {local_task_job_runner.py:123} INFO - ::group::Pre task execution logs
[2025-02-20T08:00:10.166+0000] {taskinstance.py:2614} INFO - Dependencies all met for dep_context=non-requeueable deps ti=<TaskInstance: weather_pipeline_full.store_weather scheduled__2025-02-20T07:00:00+00:00 [queued]>
[2025-02-20T08:00:10.176+0000] {taskinstance.py:2614} INFO - Dependencies all met for dep_context=requeueable deps ti=<TaskInstance: weather_pipeline_full.store_weather scheduled__2025-02-20T07:00:00+00:00 [queued]>
[2025-02-20T08:00:10.176+0000] {taskinstance.py:2867} INFO - Starting attempt 1 of 2
[2025-02-20T08:00:10.191+0000] {taskinstance.py:2890} INFO - Executing <Task(PythonOperator): store_weather> on 2025-02-20 07:00:00+00:00
[2025-02-20T08:00:10.202+0000] {warnings.py:112} WARNING - /home/***/.local/lib/python3.12/site-packages/***/task/task_runner/standard_task_runner.py:70: DeprecationWarning: This process (pid=637) is multi-threaded, use of fork() may lead to deadlocks in the child.
  pid = os.fork()

[2025-02-20T08:00:10.204+0000] {standard_task_runner.py:72} INFO - Started process 639 to run task
[2025-02-20T08:00:10.204+0000] {standard_task_runner.py:104} INFO - Running: ['***', 'tasks', 'run', 'weather_pipeline_full', 'store_weather', 'scheduled__2025-02-20T07:00:00+00:00', '--job-id', '17', '--raw', '--subdir', 'DAGS_FOLDER/weather.py', '--cfg-path', '/tmp/tmpjzwfh4e4']
[2025-02-20T08:00:10.205+0000] {standard_task_runner.py:105} INFO - Job 17: Subtask store_weather
[2025-02-20T08:00:10.252+0000] {task_command.py:467} INFO - Running <TaskInstance: weather_pipeline_full.store_weather scheduled__2025-02-20T07:00:00+00:00 [running]> on host d3d04d7168cb
[2025-02-20T08:00:10.339+0000] {taskinstance.py:3134} INFO - Exporting env vars: AIRFLOW_CTX_DAG_OWNER='***' AIRFLOW_CTX_DAG_ID='weather_pipeline_full' AIRFLOW_CTX_TASK_ID='store_weather' AIRFLOW_CTX_EXECUTION_DATE='2025-02-20T07:00:00+00:00' AIRFLOW_CTX_TRY_NUMBER='1' AIRFLOW_CTX_DAG_RUN_ID='scheduled__2025-02-20T07:00:00+00:00'
[2025-02-20T08:00:10.341+0000] {logging_mixin.py:190} INFO - Task instance is in running state
[2025-02-20T08:00:10.341+0000] {logging_mixin.py:190} INFO -  Previous state of the Task instance: queued
[2025-02-20T08:00:10.341+0000] {logging_mixin.py:190} INFO - Current task name:store_weather state:running start_date:2025-02-20 08:00:10.167034+00:00
[2025-02-20T08:00:10.342+0000] {logging_mixin.py:190} INFO - Dag name:weather_pipeline_full and current dag run status:running
[2025-02-20T08:00:10.342+0000] {taskinstance.py:732} INFO - ::endgroup::
[2025-02-20T08:00:10.370+0000] {logging_mixin.py:190} INFO - Stored weather data in /opt/***/dags/data/weather_history.csv
[2025-02-20T08:00:10.371+0000] {python.py:240} INFO - Done. Returned value was: /opt/***/dags/data/weather_history.csv
[2025-02-20T08:00:10.393+0000] {taskinstance.py:341} INFO - ::group::Post task execution logs
[2025-02-20T08:00:10.393+0000] {taskinstance.py:353} INFO - Marking task as SUCCESS. dag_id=weather_pipeline_full, task_id=store_weather, run_id=scheduled__2025-02-20T07:00:00+00:00, execution_date=20250220T070000, start_date=20250220T080010, end_date=20250220T080010
[2025-02-20T08:00:10.414+0000] {logging_mixin.py:190} INFO - Task instance in success state
[2025-02-20T08:00:10.415+0000] {logging_mixin.py:190} INFO -  Previous state of the Task instance: running
[2025-02-20T08:00:10.415+0000] {logging_mixin.py:190} INFO - Dag name:weather_pipeline_full queued_at:2025-02-20 08:00:00.231411+00:00
[2025-02-20T08:00:10.416+0000] {logging_mixin.py:190} INFO - Task hostname:d3d04d7168cb operator:PythonOperator
[2025-02-20T08:00:10.432+0000] {local_task_job_runner.py:266} INFO - Task exited with return code 0
[2025-02-20T08:00:10.455+0000] {taskinstance.py:3901} INFO - 1 downstream tasks scheduled from follow-on schedule check
[2025-02-20T08:00:10.456+0000] {local_task_job_runner.py:245} INFO - ::endgroup::
