[2025-02-20T07:53:36.994+0000] {local_task_job_runner.py:123} INFO - ::group::Pre task execution logs
[2025-02-20T07:53:37.277+0000] {taskinstance.py:2614} INFO - Dependencies all met for dep_context=non-requeueable deps ti=<TaskInstance: weather_pipeline_full.process_weather scheduled__2025-02-20T06:00:00+00:00 [queued]>
[2025-02-20T07:53:37.288+0000] {taskinstance.py:2614} INFO - Dependencies all met for dep_context=requeueable deps ti=<TaskInstance: weather_pipeline_full.process_weather scheduled__2025-02-20T06:00:00+00:00 [queued]>
[2025-02-20T07:53:37.289+0000] {taskinstance.py:2867} INFO - Starting attempt 1 of 2
[2025-02-20T07:53:37.304+0000] {taskinstance.py:2890} INFO - Executing <Task(PythonOperator): process_weather> on 2025-02-20 06:00:00+00:00
[2025-02-20T07:53:37.317+0000] {warnings.py:112} WARNING - /home/***/.local/lib/python3.12/site-packages/***/task/task_runner/standard_task_runner.py:70: DeprecationWarning: This process (pid=525) is multi-threaded, use of fork() may lead to deadlocks in the child.
  pid = os.fork()

[2025-02-20T07:53:37.319+0000] {standard_task_runner.py:72} INFO - Started process 527 to run task
[2025-02-20T07:53:37.319+0000] {standard_task_runner.py:104} INFO - Running: ['***', 'tasks', 'run', 'weather_pipeline_full', 'process_weather', 'scheduled__2025-02-20T06:00:00+00:00', '--job-id', '12', '--raw', '--subdir', 'DAGS_FOLDER/weather.py', '--cfg-path', '/tmp/tmpea39y20r']
[2025-02-20T07:53:37.320+0000] {standard_task_runner.py:105} INFO - Job 12: Subtask process_weather
[2025-02-20T07:53:37.380+0000] {task_command.py:467} INFO - Running <TaskInstance: weather_pipeline_full.process_weather scheduled__2025-02-20T06:00:00+00:00 [running]> on host d3d04d7168cb
[2025-02-20T07:53:37.483+0000] {taskinstance.py:3134} INFO - Exporting env vars: AIRFLOW_CTX_DAG_OWNER='***' AIRFLOW_CTX_DAG_ID='weather_pipeline_full' AIRFLOW_CTX_TASK_ID='process_weather' AIRFLOW_CTX_EXECUTION_DATE='2025-02-20T06:00:00+00:00' AIRFLOW_CTX_TRY_NUMBER='1' AIRFLOW_CTX_DAG_RUN_ID='scheduled__2025-02-20T06:00:00+00:00'
[2025-02-20T07:53:37.485+0000] {logging_mixin.py:190} INFO - Task instance is in running state
[2025-02-20T07:53:37.485+0000] {logging_mixin.py:190} INFO -  Previous state of the Task instance: queued
[2025-02-20T07:53:37.486+0000] {logging_mixin.py:190} INFO - Current task name:process_weather state:running start_date:2025-02-20 07:53:37.278677+00:00
[2025-02-20T07:53:37.486+0000] {logging_mixin.py:190} INFO - Dag name:weather_pipeline_full and current dag run status:running
[2025-02-20T07:53:37.486+0000] {taskinstance.py:732} INFO - ::endgroup::
[2025-02-20T07:53:37.503+0000] {logging_mixin.py:190} INFO - Processed weather data saved to /opt/***/dags/data/processed_weather_data.json
[2025-02-20T07:53:37.504+0000] {python.py:240} INFO - Done. Returned value was: /opt/***/dags/data/processed_weather_data.json
[2025-02-20T07:53:37.528+0000] {taskinstance.py:341} INFO - ::group::Post task execution logs
[2025-02-20T07:53:37.529+0000] {taskinstance.py:353} INFO - Marking task as SUCCESS. dag_id=weather_pipeline_full, task_id=process_weather, run_id=scheduled__2025-02-20T06:00:00+00:00, execution_date=20250220T060000, start_date=20250220T075337, end_date=20250220T075337
[2025-02-20T07:53:37.553+0000] {logging_mixin.py:190} INFO - Task instance in success state
[2025-02-20T07:53:37.554+0000] {logging_mixin.py:190} INFO -  Previous state of the Task instance: running
[2025-02-20T07:53:37.555+0000] {logging_mixin.py:190} INFO - Dag name:weather_pipeline_full queued_at:2025-02-20 07:45:53.886988+00:00
[2025-02-20T07:53:37.555+0000] {logging_mixin.py:190} INFO - Task hostname:d3d04d7168cb operator:PythonOperator
[2025-02-20T07:53:37.579+0000] {local_task_job_runner.py:266} INFO - Task exited with return code 0
[2025-02-20T07:53:37.611+0000] {taskinstance.py:3901} INFO - 1 downstream tasks scheduled from follow-on schedule check
[2025-02-20T07:53:37.613+0000] {local_task_job_runner.py:245} INFO - ::endgroup::
