[2025-02-20T09:33:22.391+0000] {local_task_job_runner.py:123} INFO - ::group::Pre task execution logs
[2025-02-20T09:33:22.420+0000] {taskinstance.py:2614} INFO - Dependencies all met for dep_context=non-requeueable deps ti=<TaskInstance: weather_to_postgres_hook.fetch_weather manual__2025-02-20T09:33:05.400127+00:00 [queued]>
[2025-02-20T09:33:22.435+0000] {taskinstance.py:2614} INFO - Dependencies all met for dep_context=requeueable deps ti=<TaskInstance: weather_to_postgres_hook.fetch_weather manual__2025-02-20T09:33:05.400127+00:00 [queued]>
[2025-02-20T09:33:22.436+0000] {taskinstance.py:2867} INFO - Starting attempt 1 of 2
[2025-02-20T09:33:22.453+0000] {taskinstance.py:2890} INFO - Executing <Task(PythonOperator): fetch_weather> on 2025-02-20 09:33:05.400127+00:00
[2025-02-20T09:33:22.468+0000] {warnings.py:112} WARNING - /home/***/.local/lib/python3.12/site-packages/***/task/task_runner/standard_task_runner.py:70: DeprecationWarning: This process (pid=405) is multi-threaded, use of fork() may lead to deadlocks in the child.
  pid = os.fork()

[2025-02-20T09:33:22.469+0000] {standard_task_runner.py:72} INFO - Started process 408 to run task
[2025-02-20T09:33:22.469+0000] {standard_task_runner.py:104} INFO - Running: ['***', 'tasks', 'run', 'weather_to_postgres_hook', 'fetch_weather', 'manual__2025-02-20T09:33:05.400127+00:00', '--job-id', '42', '--raw', '--subdir', 'DAGS_FOLDER/etl_weather.py', '--cfg-path', '/tmp/tmpl1ukxrfm']
[2025-02-20T09:33:22.470+0000] {standard_task_runner.py:105} INFO - Job 42: Subtask fetch_weather
[2025-02-20T09:33:22.536+0000] {task_command.py:467} INFO - Running <TaskInstance: weather_to_postgres_hook.fetch_weather manual__2025-02-20T09:33:05.400127+00:00 [running]> on host 9f470da8c4e6
[2025-02-20T09:33:22.984+0000] {taskinstance.py:3134} INFO - Exporting env vars: AIRFLOW_CTX_DAG_OWNER='***' AIRFLOW_CTX_DAG_ID='weather_to_postgres_hook' AIRFLOW_CTX_TASK_ID='fetch_weather' AIRFLOW_CTX_EXECUTION_DATE='2025-02-20T09:33:05.400127+00:00' AIRFLOW_CTX_TRY_NUMBER='1' AIRFLOW_CTX_DAG_RUN_ID='manual__2025-02-20T09:33:05.400127+00:00'
[2025-02-20T09:33:22.986+0000] {logging_mixin.py:190} INFO - Task instance is in running state
[2025-02-20T09:33:22.986+0000] {logging_mixin.py:190} INFO -  Previous state of the Task instance: queued
[2025-02-20T09:33:22.986+0000] {logging_mixin.py:190} INFO - Current task name:fetch_weather state:running start_date:2025-02-20 09:33:22.421830+00:00
[2025-02-20T09:33:22.987+0000] {logging_mixin.py:190} INFO - Dag name:weather_to_postgres_hook and current dag run status:running
[2025-02-20T09:33:22.987+0000] {taskinstance.py:732} INFO - ::endgroup::
[2025-02-20T09:33:23.999+0000] {python.py:240} INFO - Done. Returned value was: {'coord': {'lon': 106.8166, 'lat': -6.2}, 'weather': [{'id': 802, 'main': 'Clouds', 'description': 'scattered clouds', 'icon': '03d'}], 'base': 'stations', 'main': {'temp': 304.9, 'feels_like': 308.81, 'temp_min': 303.15, 'temp_max': 306.03, 'pressure': 1008, 'humidity': 57, 'sea_level': 1008, 'grnd_level': 1006}, 'visibility': 7000, 'wind': {'speed': 3.6, 'deg': 310}, 'clouds': {'all': 40}, 'dt': 1740044003, 'sys': {'type': 2, 'id': 2033644, 'country': 'ID', 'sunrise': 1740005906, 'sunset': 1740050093}, 'timezone': 25200, 'id': 1642911, 'name': 'Jakarta', 'cod': 200}
[2025-02-20T09:33:25.002+0000] {taskinstance.py:341} INFO - ::group::Post task execution logs
[2025-02-20T09:33:25.007+0000] {taskinstance.py:353} INFO - Marking task as SUCCESS. dag_id=weather_to_postgres_hook, task_id=fetch_weather, run_id=manual__2025-02-20T09:33:05.400127+00:00, execution_date=20250220T093305, start_date=20250220T093322, end_date=20250220T093325
[2025-02-20T09:33:25.892+0000] {logging_mixin.py:190} INFO - Task instance in success state
[2025-02-20T09:33:25.894+0000] {logging_mixin.py:190} INFO -  Previous state of the Task instance: running
[2025-02-20T09:33:25.895+0000] {logging_mixin.py:190} INFO - Dag name:weather_to_postgres_hook queued_at:2025-02-20 09:33:05.489739+00:00
[2025-02-20T09:33:25.895+0000] {logging_mixin.py:190} INFO - Task hostname:9f470da8c4e6 operator:PythonOperator
[2025-02-20T09:33:25.966+0000] {local_task_job_runner.py:266} INFO - Task exited with return code 0
[2025-02-20T09:33:26.333+0000] {taskinstance.py:3901} INFO - 1 downstream tasks scheduled from follow-on schedule check
[2025-02-20T09:33:26.335+0000] {local_task_job_runner.py:245} INFO - ::endgroup::
