[2025-02-20T09:45:26.027+0000] {local_task_job_runner.py:123} INFO - ::group::Pre task execution logs
[2025-02-20T09:45:26.064+0000] {taskinstance.py:2614} INFO - Dependencies all met for dep_context=non-requeueable deps ti=<TaskInstance: weather_to_postgres_hook.process_weather manual__2025-02-20T09:40:08.207005+00:00 [queued]>
[2025-02-20T09:45:26.078+0000] {taskinstance.py:2614} INFO - Dependencies all met for dep_context=requeueable deps ti=<TaskInstance: weather_to_postgres_hook.process_weather manual__2025-02-20T09:40:08.207005+00:00 [queued]>
[2025-02-20T09:45:26.078+0000] {taskinstance.py:2867} INFO - Starting attempt 1 of 2
[2025-02-20T09:45:26.262+0000] {taskinstance.py:2890} INFO - Executing <Task(PythonOperator): process_weather> on 2025-02-20 09:40:08.207005+00:00
[2025-02-20T09:45:26.273+0000] {warnings.py:112} WARNING - /home/***/.local/lib/python3.12/site-packages/***/task/task_runner/standard_task_runner.py:70: DeprecationWarning: This process (pid=582) is multi-threaded, use of fork() may lead to deadlocks in the child.
  pid = os.fork()

[2025-02-20T09:45:26.275+0000] {standard_task_runner.py:72} INFO - Started process 584 to run task
[2025-02-20T09:45:26.275+0000] {standard_task_runner.py:104} INFO - Running: ['***', 'tasks', 'run', 'weather_to_postgres_hook', 'process_weather', 'manual__2025-02-20T09:40:08.207005+00:00', '--job-id', '56', '--raw', '--subdir', 'DAGS_FOLDER/etl_weather.py', '--cfg-path', '/tmp/tmpqk5f4b3m']
[2025-02-20T09:45:26.276+0000] {standard_task_runner.py:105} INFO - Job 56: Subtask process_weather
[2025-02-20T09:45:26.320+0000] {task_command.py:467} INFO - Running <TaskInstance: weather_to_postgres_hook.process_weather manual__2025-02-20T09:40:08.207005+00:00 [running]> on host 9f470da8c4e6
[2025-02-20T09:45:26.411+0000] {taskinstance.py:3134} INFO - Exporting env vars: AIRFLOW_CTX_DAG_OWNER='***' AIRFLOW_CTX_DAG_ID='weather_to_postgres_hook' AIRFLOW_CTX_TASK_ID='process_weather' AIRFLOW_CTX_EXECUTION_DATE='2025-02-20T09:40:08.207005+00:00' AIRFLOW_CTX_TRY_NUMBER='1' AIRFLOW_CTX_DAG_RUN_ID='manual__2025-02-20T09:40:08.207005+00:00'
[2025-02-20T09:45:26.412+0000] {logging_mixin.py:190} INFO - Task instance is in running state
[2025-02-20T09:45:26.413+0000] {logging_mixin.py:190} INFO -  Previous state of the Task instance: queued
[2025-02-20T09:45:26.413+0000] {logging_mixin.py:190} INFO - Current task name:process_weather state:running start_date:2025-02-20 09:45:26.065703+00:00
[2025-02-20T09:45:26.414+0000] {logging_mixin.py:190} INFO - Dag name:weather_to_postgres_hook and current dag run status:running
[2025-02-20T09:45:26.414+0000] {taskinstance.py:732} INFO - ::endgroup::
[2025-02-20T09:45:26.425+0000] {python.py:240} INFO - Done. Returned value was: {'city': 'Jakarta', 'temperature': 304.48, 'humidity': 58, 'weather_description': 'scattered clouds', 'timestamp': 1740044678}
[2025-02-20T09:45:26.447+0000] {taskinstance.py:341} INFO - ::group::Post task execution logs
[2025-02-20T09:45:26.448+0000] {taskinstance.py:353} INFO - Marking task as SUCCESS. dag_id=weather_to_postgres_hook, task_id=process_weather, run_id=manual__2025-02-20T09:40:08.207005+00:00, execution_date=20250220T094008, start_date=20250220T094526, end_date=20250220T094526
[2025-02-20T09:45:26.472+0000] {logging_mixin.py:190} INFO - Task instance in success state
[2025-02-20T09:45:26.472+0000] {logging_mixin.py:190} INFO -  Previous state of the Task instance: running
[2025-02-20T09:45:26.473+0000] {logging_mixin.py:190} INFO - Dag name:weather_to_postgres_hook queued_at:2025-02-20 09:40:08.248630+00:00
[2025-02-20T09:45:26.473+0000] {logging_mixin.py:190} INFO - Task hostname:9f470da8c4e6 operator:PythonOperator
[2025-02-20T09:45:26.504+0000] {local_task_job_runner.py:266} INFO - Task exited with return code 0
[2025-02-20T09:45:26.530+0000] {taskinstance.py:3901} INFO - 1 downstream tasks scheduled from follow-on schedule check
[2025-02-20T09:45:26.532+0000] {local_task_job_runner.py:245} INFO - ::endgroup::
